
server started in muliti thread mode
path to DB is: mines

user0 has logged in
qwe has logged in
qwe has joined the game rankB1
Game rankB1 created

/home/user/Node/mines/GameWrapper.js:6
var game= new constr[pars.mode](pars)
          ^
TypeError: undefined is not a function
    at Object.<anonymous> (/home/user/Node/mines/GameWrapper.js:6:11)
    at Module._compile (module.js:449:26)
    at Object.Module._extensions..js (module.js:467:10)
    at Module.load (module.js:356:32)
    at Function.Module._load (module.js:312:12)
    at Module.runMain (module.js:492:10)
    at process.startup.processNextTick.process._tickCallback (node.js:244:9)

server started in muliti thread mode
path to DB is: mines

user0 has logged in
user0 disconnected
user1 has logged in
user1 has joined the game rank1
Game rank1 created
{ id: 1,
  name: 'rank1',
  mode: 'rank',
  leader: 'user1',
  maxPlayers: 1,
  curPlayers: 1,
  users: { user1: 1 },
  profiles: {},
  modePars: { bSize: 'small', board: { r: 8, c: 8, b: 10 } } }
Game rank1 returned 0
user1 has joined the game rankM2
Game rankM2 created
{ id: 2,
  name: 'rankM2',
  mode: 'rankM',
  leader: 'user1',
  maxPlayers: 1,
  curPlayers: 1,
  users: { user1: 1 },
  profiles: {},
  modePars: { bSize: 'medium', board: { r: 16, c: 16, b: 40 } } }

/home/user/Node/mines/GameWrapper.js:7
var game= new constr[pars.mode](pars)
          ^
TypeError: undefined is not a function
    at Object.<anonymous> (/home/user/Node/mines/GameWrapper.js:7:11)
    at Module._compile (module.js:449:26)
    at Object.Module._extensions..js (module.js:467:10)
    at Module.load (module.js:356:32)
    at Function.Module._load (module.js:312:12)
    at Module.runMain (module.js:492:10)
    at process.startup.processNextTick.process._tickCallback (node.js:244:9)

server started in muliti thread mode
path to DB is: mines

user0 has logged in
user0 disconnected
user1 has logged in
user1 has joined the game rankM1
Game rankM1 created
{ id: 1,
  name: 'rankM1',
  mode: 'rankM',
  leader: 'user1',
  maxPlayers: 1,
  curPlayers: 1,
  users: { user1: 1 },
  profiles: {},
  modePars: { bSize: 'medium', board: { r: 16, c: 16, b: 40 } } }
Game rankM1 returned 0
user1 has joined the game rankB2
Game rankB2 created
{ id: 2,
  name: 'rankB2',
  mode: 'rankB',
  leader: 'user1',
  maxPlayers: 1,
  curPlayers: 1,
  users: { user1: 1 },
  profiles: {},
  modePars: { bSize: 'large', board: { c: 30, r: 16, b: 99 } } }
Game rankB2 returned 0

server started in muliti thread mode
path to DB is: mines

user0 has logged in
